<?xml version="1.0" encoding="UTF-8"?>
<!-- Generated by org.testng.reporters.JUnitReportReporter -->
<testsuite hostname="DESKTOP-I2UQH4R" failures="0" tests="1" name="UpdateFirstName.UpdateFirstName" time="42.196" errors="0" timestamp="2022-07-03T23:24:54 IST" skipped="0">
  <testcase classname="UpdateFirstName.UpdateFirstName" name="UpdateUser" time="42.196"/>
  <system-out/>
</testsuite> <!-- UpdateFirstName.UpdateFirstName -->
