<?xml version="1.0" encoding="UTF-8"?>
<!-- Generated by org.testng.reporters.JUnitReportReporter -->
<testsuite hostname="DESKTOP-I2UQH4R" failures="0" tests="1" name="BookerNegative.GetBookingIdUnsuccessfully" time="5.648" errors="0" timestamp="2022-07-03T12:03:14 IST" skipped="0">
  <testcase classname="BookerNegative.GetBookingIdUnsuccessfully" name="getBookingId" time="5.648"/>
  <system-out/>
</testsuite> <!-- BookerNegative.GetBookingIdUnsuccessfully -->
