<?xml version="1.0" encoding="UTF-8"?>
<!-- Generated by org.testng.reporters.JUnitReportReporter -->
<testsuite hostname="DESKTOP-I2UQH4R" failures="0" tests="1" name="PingNegative.HealthCheckUnsuccessful" time="9.709" errors="0" timestamp="2022-07-03T22:38:00 IST" skipped="0">
  <testcase classname="PingNegative.HealthCheckUnsuccessful" name="Healthcheck" time="9.709"/>
  <system-out/>
</testsuite> <!-- PingNegative.HealthCheckUnsuccessful -->
