<?xml version="1.0" encoding="UTF-8"?>
<!-- Generated by org.testng.reporters.JUnitReportReporter -->
<testsuite hostname="DESKTOP-I2UQH4R" failures="0" tests="1" name="BookerNegative.GetBookingIdsByCheckInAndCheckOutDatesUnsuccessfully" time="6.088" errors="0" timestamp="2022-07-03T12:02:59 IST" skipped="0">
  <testcase classname="BookerNegative.GetBookingIdsByCheckInAndCheckOutDatesUnsuccessfully" name="getBookingId" time="6.088"/>
  <system-out/>
</testsuite> <!-- BookerNegative.GetBookingIdsByCheckInAndCheckOutDatesUnsuccessfully -->
