<?xml version="1.0" encoding="UTF-8"?>
<!-- Generated by org.testng.reporters.JUnitReportReporter -->
<testsuite hostname="DESKTOP-I2UQH4R" failures="0" tests="1" name="Auth.CreateToken" time="7.202" errors="0" timestamp="2022-07-04T00:07:26 IST" skipped="0">
  <testcase classname="Auth.CreateToken" name="genToken" time="7.202"/>
  <system-out/>
</testsuite> <!-- Auth.CreateToken -->
