<?xml version="1.0" encoding="UTF-8"?>
<!-- Generated by org.testng.reporters.JUnitReportReporter -->
<testsuite hostname="DESKTOP-I2UQH4R" failures="0" tests="1" name="Booker.GetBookingById" time="6.027" errors="0" timestamp="2022-07-04T01:57:21 IST" skipped="0">
  <testcase classname="Booker.GetBookingById" name="getUserById" time="6.027"/>
  <system-out/>
</testsuite> <!-- Booker.GetBookingById -->
