<?xml version="1.0" encoding="UTF-8"?>
<!-- Generated by org.testng.reporters.JUnitReportReporter -->
<testsuite hostname="DESKTOP-I2UQH4R" failures="0" tests="1" name="Booker.UpdateFirstname" time="5.935" errors="0" timestamp="2022-07-03T23:02:34 IST" skipped="0">
  <testcase classname="Booker.UpdateFirstname" name="UpdateNewUserPartially" time="5.935"/>
  <system-out/>
</testsuite> <!-- Booker.UpdateFirstname -->
