<?xml version="1.0" encoding="UTF-8"?>
<!-- Generated by org.testng.reporters.JUnitReportReporter -->
<testsuite hostname="DESKTOP-I2UQH4R" failures="0" tests="1" name="Booker.GetBookingIdsByCheckInAndCheckOutDates" time="5.095" errors="0" timestamp="2022-07-04T01:58:00 IST" skipped="0">
  <testcase classname="Booker.GetBookingIdsByCheckInAndCheckOutDates" name="getBookingId" time="5.095"/>
  <system-out/>
</testsuite> <!-- Booker.GetBookingIdsByCheckInAndCheckOutDates -->
