<?xml version="1.0" encoding="UTF-8"?>
<!-- Generated by org.testng.reporters.JUnitReportReporter -->
<testsuite hostname="DESKTOP-I2UQH4R" failures="0" tests="1" name="Pom.TestRegisterAndLogin" time="89.474" errors="0" timestamp="2022-07-05T13:46:19 IST" skipped="0">
  <testcase classname="Pom.TestRegisterAndLogin" name="test_Page_Appear_Correct" time="89.474"/>
  <system-out/>
</testsuite> <!-- Pom.TestRegisterAndLogin -->
