<?xml version="1.0" encoding="UTF-8"?>
<!-- Generated by org.testng.reporters.JUnitReportReporter -->
<testsuite hostname="DESKTOP-I2UQH4R" failures="0" tests="1" name="Register.Register" time="146.623" errors="0" timestamp="2022-07-05T09:37:43 IST" skipped="0">
  <testcase classname="Register.Register" name="loginMYPage" time="146.623"/>
  <system-out/>
</testsuite> <!-- Register.Register -->
