<?xml version="1.0" encoding="UTF-8"?>
<!-- Generated by org.testng.reporters.JUnitReportReporter -->
<testsuite hostname="DESKTOP-I2UQH4R" failures="0" tests="1" name="DataDriven.ReqQuotXml" time="46.087" errors="0" timestamp="2022-07-07T02:05:25 IST" skipped="0">
  <testcase classname="DataDriven.ReqQuotXml" name="fill" time="46.087"/>
  <system-out/>
</testsuite> <!-- DataDriven.ReqQuotXml -->
