<?xml version="1.0" encoding="UTF-8"?>
<!-- Generated by org.testng.reporters.JUnitReportReporter -->
<testsuite hostname="DESKTOP-I2UQH4R" failures="0" tests="1" name="DataDriven.RegisterXML" time="103.318" errors="0" timestamp="2022-07-04T23:41:59 IST" skipped="0">
  <testcase classname="DataDriven.RegisterXML" name="login" time="103.318"/>
  <system-out/>
</testsuite> <!-- DataDriven.RegisterXML -->
