<?xml version="1.0" encoding="UTF-8"?>
<!-- Generated by org.testng.reporters.JUnitReportReporter -->
<testsuite hostname="DESKTOP-I2UQH4R" failures="0" tests="1" name="DataDriven.EditprofileXML" time="59.985" errors="0" timestamp="2022-07-07T02:02:48 IST" skipped="0">
  <testcase classname="DataDriven.EditprofileXML" name="login" time="59.985"/>
  <system-out/>
</testsuite> <!-- DataDriven.EditprofileXML -->
