<?xml version="1.0" encoding="UTF-8"?>
<!-- Generated by org.testng.reporters.JUnitReportReporter -->
<testsuite hostname="DESKTOP-I2UQH4R" failures="0" tests="1" name="PomRetrieve.TestRetrieve" time="25.533" errors="0" timestamp="2022-07-07T02:10:14 IST" skipped="0">
  <testcase classname="PomRetrieve.TestRetrieve" name="test_Page_Appear_Correct" time="25.533"/>
  <system-out/>
</testsuite> <!-- PomRetrieve.TestRetrieve -->
