<?xml version="1.0" encoding="UTF-8"?>
<!-- Generated by org.testng.reporters.JUnitReportReporter -->
<testsuite hostname="DESKTOP-I2UQH4R" failures="0" tests="1" name="DataDriven.RegisterDataProvider" time="0.000" errors="0" timestamp="2022-07-04T22:03:36 IST" skipped="1">
  <testcase classname="DataDriven.RegisterDataProvider" name="login" time="0.000">
    <skipped/>
  </testcase> <!-- login -->
  <system-out/>
</testsuite> <!-- DataDriven.RegisterDataProvider -->
