<?xml version="1.0" encoding="UTF-8"?>
<!-- Generated by org.testng.reporters.JUnitReportReporter -->
<testsuite hostname="DESKTOP-I2UQH4R" failures="0" tests="1" name="PomEdit.TestDataDriven" time="28.610" errors="0" timestamp="2022-07-07T02:07:00 IST" skipped="0">
  <testcase classname="PomEdit.TestDataDriven" name="test_Page_Appear_Correct" time="28.610"/>
  <system-out/>
</testsuite> <!-- PomEdit.TestDataDriven -->
