<?xml version="1.0" encoding="UTF-8"?>
<!-- Generated by org.testng.reporters.JUnitReportReporter -->
<testsuite hostname="DESKTOP-I2UQH4R" failures="0" tests="1" name="PomRequest.TestIBS" time="2.405" errors="0" timestamp="2022-07-06T14:56:44 IST" skipped="0">
  <testcase classname="PomRequest.TestIBS" name="test_Page_Appear_Correct" time="2.405"/>
  <system-out/>
</testsuite> <!-- PomRequest.TestIBS -->
